

Microchip MPLAB XC8 Assembler V2.45 build 20230818022343 
                                                                                               Mon Dec 04 22:05:15 2023

Microchip MPLAB XC8 C Compiler v2.45 (Free license) build 20230818022343 Og1 
     1                           	processor	16F877A
     2                           	pagewidth 120
     3                           	opt	flic
     4                           	psect	idataBANK0,global,class=CODE,delta=2,noexec
     5                           	psect	cinit,global,class=CODE,merge=1,delta=2
     6                           	psect	bssCOMMON,global,class=COMMON,space=1,delta=1,noexec
     7                           	psect	bssBANK0,global,class=BANK0,space=1,delta=1,noexec
     8                           	psect	dataBANK0,global,class=BANK0,space=1,delta=1,noexec
     9                           	psect	cstackCOMMON,global,class=COMMON,space=1,delta=1,noexec
    10                           	psect	cstackBANK0,global,class=BANK0,space=1,delta=1,noexec
    11                           	psect	maintext,global,class=CODE,split=1,delta=2
    12                           	psect	text1,local,class=CODE,merge=1,delta=2
    13                           	psect	text2,local,class=CODE,merge=1,delta=2
    14                           	psect	text3,local,class=CODE,merge=1,delta=2
    15                           	psect	text4,local,class=CODE,merge=1,delta=2
    16                           	psect	intentry,global,class=CODE,delta=2
    17                           	psect	config,global,abs,ovrld,class=CONFIG,space=4,delta=2,noexec
    18                           	dabs	1,0x7E,2
    19     0000                     
    20                           ; Version 2.20
    21                           ; Generated 12/02/2020 GMT
    22                           ; 
    23                           ; Copyright © 2020, Microchip Technology Inc. and its subsidiaries ("Microchip")
    24                           ; All rights reserved.
    25                           ; 
    26                           ; This software is developed by Microchip Technology Inc. and its subsidiaries ("Microch
      +                          ip").
    27                           ; 
    28                           ; Redistribution and use in source and binary forms, with or without modification, are
    29                           ; permitted provided that the following conditions are met:
    30                           ; 
    31                           ;     1. Redistributions of source code must retain the above copyright notice, this lis
      +                          t of
    32                           ;        conditions and the following disclaimer.
    33                           ; 
    34                           ;     2. Redistributions in binary form must reproduce the above copyright notice, this 
      +                          list
    35                           ;        of conditions and the following disclaimer in the documentation and/or other
    36                           ;        materials provided with the distribution.
    37                           ; 
    38                           ;     3. Microchip's name may not be used to endorse or promote products derived from th
      +                          is
    39                           ;        software without specific prior written permission.
    40                           ; 
    41                           ; THIS SOFTWARE IS PROVIDED BY MICROCHIP "AS IS" AND ANY EXPRESS OR IMPLIED WARRANTIES,
    42                           ; INCLUDING, BUT NOT LIMITED TO, THE IMPLIED WARRANTIES OF MERCHANTABILITY AND FITNESS F
      +                          OR
    43                           ; PURPOSE ARE DISCLAIMED.  IN NO EVENT SHALL MICROCHIP BE LIABLE FOR ANY DIRECT, INDIREC
      +                          T,
    44                           ; INCIDENTAL, SPECIAL, EXEMPLARY, OR CONSEQUENTIAL DAMAGES (INCLUDING BUT NOT LIMITED TO
    45                           ; PROCUREMENT OF SUBSTITUTE GOODS OR SERVICES; LOSS OF USE, DATA OR PROFITS; OR BUSINESS
    46                           ; INTERRUPTION) HOWSOEVER CAUSED AND ON ANY THEORY OF LIABILITY, WHETHER IN CONTRACT, ST
      +                          RICT
    47                           ; LIABILITY, OR TORT (INCLUDING NEGLIGENCE OR OTHERWISE) ARISING IN ANY WAY OUT OF THE U
      +                          SE OF
    48                           ; THIS SOFTWARE, EVEN IF ADVISED OF THE POSSIBILITY OF SUCH DAMAGE.
    49                           ; 
    50                           ; 
    51                           ; Code-generator required, PIC16F877A Definitions
    52                           ; 
    53                           ; SFR Addresses
    54     0000                     	;# 
    55     0001                     	;# 
    56     0002                     	;# 
    57     0003                     	;# 
    58     0004                     	;# 
    59     0005                     	;# 
    60     0006                     	;# 
    61     0007                     	;# 
    62     0008                     	;# 
    63     0009                     	;# 
    64     000A                     	;# 
    65     000B                     	;# 
    66     000C                     	;# 
    67     000D                     	;# 
    68     000E                     	;# 
    69     000E                     	;# 
    70     000F                     	;# 
    71     0010                     	;# 
    72     0011                     	;# 
    73     0012                     	;# 
    74     0013                     	;# 
    75     0014                     	;# 
    76     0015                     	;# 
    77     0015                     	;# 
    78     0016                     	;# 
    79     0017                     	;# 
    80     0018                     	;# 
    81     0019                     	;# 
    82     001A                     	;# 
    83     001B                     	;# 
    84     001B                     	;# 
    85     001C                     	;# 
    86     001D                     	;# 
    87     001E                     	;# 
    88     001F                     	;# 
    89     0081                     	;# 
    90     0085                     	;# 
    91     0086                     	;# 
    92     0087                     	;# 
    93     0088                     	;# 
    94     0089                     	;# 
    95     008C                     	;# 
    96     008D                     	;# 
    97     008E                     	;# 
    98     0091                     	;# 
    99     0092                     	;# 
   100     0093                     	;# 
   101     0094                     	;# 
   102     0098                     	;# 
   103     0099                     	;# 
   104     009C                     	;# 
   105     009D                     	;# 
   106     009E                     	;# 
   107     009F                     	;# 
   108     010C                     	;# 
   109     010D                     	;# 
   110     010E                     	;# 
   111     010F                     	;# 
   112     018C                     	;# 
   113     018D                     	;# 
   114     0000                     	;# 
   115     0001                     	;# 
   116     0002                     	;# 
   117     0003                     	;# 
   118     0004                     	;# 
   119     0005                     	;# 
   120     0006                     	;# 
   121     0007                     	;# 
   122     0008                     	;# 
   123     0009                     	;# 
   124     000A                     	;# 
   125     000B                     	;# 
   126     000C                     	;# 
   127     000D                     	;# 
   128     000E                     	;# 
   129     000E                     	;# 
   130     000F                     	;# 
   131     0010                     	;# 
   132     0011                     	;# 
   133     0012                     	;# 
   134     0013                     	;# 
   135     0014                     	;# 
   136     0015                     	;# 
   137     0015                     	;# 
   138     0016                     	;# 
   139     0017                     	;# 
   140     0018                     	;# 
   141     0019                     	;# 
   142     001A                     	;# 
   143     001B                     	;# 
   144     001B                     	;# 
   145     001C                     	;# 
   146     001D                     	;# 
   147     001E                     	;# 
   148     001F                     	;# 
   149     0081                     	;# 
   150     0085                     	;# 
   151     0086                     	;# 
   152     0087                     	;# 
   153     0088                     	;# 
   154     0089                     	;# 
   155     008C                     	;# 
   156     008D                     	;# 
   157     008E                     	;# 
   158     0091                     	;# 
   159     0092                     	;# 
   160     0093                     	;# 
   161     0094                     	;# 
   162     0098                     	;# 
   163     0099                     	;# 
   164     009C                     	;# 
   165     009D                     	;# 
   166     009E                     	;# 
   167     009F                     	;# 
   168     010C                     	;# 
   169     010D                     	;# 
   170     010E                     	;# 
   171     010F                     	;# 
   172     018C                     	;# 
   173     018D                     	;# 
   174                           
   175                           	psect	idataBANK0
   176     025D                     __pidataBANK0:
   177                           
   178                           ;initializer for _aberta
   179     025D  3401               	retlw	1
   180     025E  3400               	retlw	0
   181                           
   182                           ;initializer for _inicio
   183     025F  3401               	retlw	1
   184     0260  3400               	retlw	0
   185     0015                     _CCPR1L	set	21
   186     0010                     _T1CONbits	set	16
   187     000B                     _INTCONbits	set	11
   188     000F                     _TMR1H	set	15
   189     000E                     _TMR1L	set	14
   190     000C                     _PIR1bits	set	12
   191     001E                     _ADRESH	set	30
   192     001F                     _ADCON0	set	31
   193     0007                     _PORTC	set	7
   194     0008                     _PORTD	set	8
   195     00BD                     _CCP1X	set	189
   196     00BC                     _CCP1Y	set	188
   197     0031                     _RB1	set	49
   198     0030                     _RB0	set	48
   199     0037                     _RB7	set	55
   200     0036                     _RB6	set	54
   201     0035                     _RB5	set	53
   202     0033                     _RB3	set	51
   203     0047                     _RD7	set	71
   204     0092                     _TMR2ON	set	146
   205     0091                     _T2CKPS1	set	145
   206     0090                     _T2CKPS0	set	144
   207     00BA                     _CCP1M2	set	186
   208     00BB                     _CCP1M3	set	187
   209     0039                     _RC1	set	57
   210     0038                     _RC0	set	56
   211     005A                     _T0IF	set	90
   212     0046                     _RD6	set	70
   213     0045                     _RD5	set	69
   214     0060                     _TMR1IF	set	96
   215     00FA                     _GO_nDONE	set	250
   216     0092                     _PR2	set	146
   217     008C                     _PIE1bits	set	140
   218     009E                     _ADRESL	set	158
   219     009F                     _ADCON1	set	159
   220     0081                     _OPTION_REGbits	set	129
   221     0087                     _TRISC	set	135
   222     0085                     _TRISA	set	133
   223     0088                     _TRISD	set	136
   224     0086                     _TRISB	set	134
   225     043A                     _TRISC2	set	1082
   226                           
   227                           	psect	cinit
   228     000F                     start_initialization:	
   229                           ; #config settings
   230                           
   231     000F                     __initialization:
   232                           
   233                           ; Initialize objects allocated to BANK0
   234     000F  120A  118A  225D  120A  118A  	fcall	__pidataBANK0	;fetch initializer
   235     0014  00B0               	movwf	__pdataBANK0& (0+127)
   236     0015  120A  118A  225E  120A  118A  	fcall	__pidataBANK0+1	;fetch initializer
   237     001A  00B1               	movwf	(__pdataBANK0+1)& (0+127)
   238     001B  120A  118A  225F  120A  118A  	fcall	__pidataBANK0+2	;fetch initializer
   239     0020  00B2               	movwf	(__pdataBANK0+2)& (0+127)
   240     0021  120A  118A  2260  120A  118A  	fcall	__pidataBANK0+3	;fetch initializer
   241     0026  00B3               	movwf	(__pdataBANK0+3)& (0+127)
   242                           
   243                           ; Clear objects allocated to BANK0
   244     0027  01A0               	clrf	__pbssBANK0& (0+127)
   245     0028  01A1               	clrf	(__pbssBANK0+1)& (0+127)
   246     0029  01A2               	clrf	(__pbssBANK0+2)& (0+127)
   247     002A  01A3               	clrf	(__pbssBANK0+3)& (0+127)
   248     002B  01A4               	clrf	(__pbssBANK0+4)& (0+127)
   249     002C  01A5               	clrf	(__pbssBANK0+5)& (0+127)
   250     002D  01A6               	clrf	(__pbssBANK0+6)& (0+127)
   251     002E  01A7               	clrf	(__pbssBANK0+7)& (0+127)
   252     002F  01A8               	clrf	(__pbssBANK0+8)& (0+127)
   253     0030  01A9               	clrf	(__pbssBANK0+9)& (0+127)
   254                           
   255                           ; Clear objects allocated to COMMON
   256     0031  01F6               	clrf	__pbssCOMMON& (0+127)
   257     0032  01F7               	clrf	(__pbssCOMMON+1)& (0+127)
   258     0033  01F8               	clrf	(__pbssCOMMON+2)& (0+127)
   259     0034  01F9               	clrf	(__pbssCOMMON+3)& (0+127)
   260     0035                     end_of_initialization:	
   261                           ;End of C runtime variable initialization code
   262                           
   263     0035                     __end_of__initialization:
   264     0035  0183               	clrf	3
   265     0036  120A  118A  2839   	ljmp	_main	;jump to C main() function
   266                           
   267                           	psect	bssCOMMON
   268     0076                     __pbssCOMMON:
   269     0076                     _ledState:
   270     0076                     	ds	2
   271     0078                     _timerCounter:
   272     0078                     	ds	2
   273                           
   274                           	psect	bssBANK0
   275     0020                     __pbssBANK0:
   276     0020                     _manualControl:
   277     0020                     	ds	2
   278     0022                     _closing:
   279     0022                     	ds	2
   280     0024                     _opening:
   281     0024                     	ds	2
   282     0026                     _meio:
   283     0026                     	ds	2
   284     0028                     _fim:
   285     0028                     	ds	2
   286                           
   287                           	psect	dataBANK0
   288     0030                     __pdataBANK0:
   289     0030                     _aberta:
   290     0030                     	ds	2
   291     0032                     _inicio:
   292     0032                     	ds	2
   293                           
   294                           	psect	cstackCOMMON
   295     0070                     __pcstackCOMMON:
   296     0070                     ?_initialize:
   297     0070                     ?_ISR:	
   298                           ; 1 bytes @ 0x0
   299                           
   300     0070                     ??_ISR:	
   301                           ; 1 bytes @ 0x0
   302                           
   303     0070                     ?_main:	
   304                           ; 1 bytes @ 0x0
   305                           
   306                           
   307                           ; 1 bytes @ 0x0
   308     0070                     	ds	4
   309     0074                     ?_PWM1_Set_Duty:
   310     0074                     ??_initialize:	
   311                           ; 1 bytes @ 0x4
   312                           
   313     0074                     ?_readLDR:	
   314                           ; 1 bytes @ 0x4
   315                           
   316     0074                     PWM1_Set_Duty@DC:	
   317                           ; 2 bytes @ 0x4
   318                           
   319                           
   320                           ; 2 bytes @ 0x4
   321     0074                     	ds	2
   322     0076                     ??_readLDR:
   323                           
   324                           	psect	cstackBANK0
   325     002A                     __pcstackBANK0:	
   326                           ; 1 bytes @ 0x6
   327                           
   328     002A                     ??_PWM1_Set_Duty:
   329                           
   330                           ; 1 bytes @ 0x0
   331     002A                     	ds	2
   332     002C                     ??_main:
   333                           
   334                           ; 1 bytes @ 0x2
   335     002C                     	ds	2
   336     002E                     main@ldrValue:
   337                           
   338                           ; 2 bytes @ 0x4
   339     002E                     	ds	2
   340                           
   341                           	psect	maintext
   342     0039                     __pmaintext:	
   343 ;;
   344 ;;Main: autosize = 0, tempsize = 2, incstack = 0, save=0
   345 ;;
   346 ;; *************** function _main *****************
   347 ;; Defined at:
   348 ;;		line 89 in file "main.c"
   349 ;; Parameters:    Size  Location     Type
   350 ;;		None
   351 ;; Auto vars:     Size  Location     Type
   352 ;;  ldrValue        2    4[BANK0 ] int 
   353 ;; Return value:  Size  Location     Type
   354 ;;                  1    wreg      void 
   355 ;; Registers used:
   356 ;;		wreg, status,2, status,0, btemp+1, pclath, cstack
   357 ;; Tracked objects:
   358 ;;		On entry : B00/0
   359 ;;		On exit  : 0/0
   360 ;;		Unchanged: 0/0
   361 ;; Data sizes:     COMMON   BANK0   BANK1   BANK3   BANK2
   362 ;;      Params:         0       0       0       0       0
   363 ;;      Locals:         0       2       0       0       0
   364 ;;      Temps:          0       2       0       0       0
   365 ;;      Totals:         0       4       0       0       0
   366 ;;Total ram usage:        4 bytes
   367 ;; Hardware stack levels required when called: 2
   368 ;; This function calls:
   369 ;;		_PWM1_Set_Duty
   370 ;;		_initialize
   371 ;;		_readLDR
   372 ;; This function is called by:
   373 ;;		Startup code after reset
   374 ;; This function uses a non-reentrant model
   375 ;;
   376                           
   377     0039                     _main:	
   378                           ;psect for function _main
   379                           
   380     0039                     l1208:	
   381                           ;incstack = 0
   382                           ; Regs used in _main: [wreg+status,2+status,0+btemp+1+pclath+cstack]
   383                           
   384                           
   385                           ;main.c: 90:     RC0 = 0;
   386     0039  120A  118A  224C  120A  118A  	fcall	_initialize
   387     003E                     l1210:
   388                           
   389                           ;main.c: 94:     CCP1M3 = 1;
   390     003E  178B               	bsf	11,7	;volatile
   391     003F                     l1212:
   392                           
   393                           ;main.c: 95:     CCP1M2 = 1;
   394     003F  170B               	bsf	11,6	;volatile
   395     0040                     l1214:
   396                           
   397                           ;main.c: 96:     TRISC2 = 0;
   398     0040  1683               	bsf	3,5	;RP0=1, select bank1
   399     0041  1303               	bcf	3,6	;RP1=0, select bank1
   400     0042  140C               	bsf	12,0	;volatile
   401     0043                     l1216:
   402                           
   403                           ;main.c: 99: 
   404     0043  1283               	bcf	3,5	;RP0=0, select bank0
   405     0044  1303               	bcf	3,6	;RP1=0, select bank0
   406     0045  1090               	bcf	16,1	;volatile
   407     0046                     l1218:
   408                           
   409                           ;main.c: 100:     T2CKPS0 = 1;
   410     0046  1610               	bsf	16,4	;volatile
   411     0047                     l1220:
   412                           
   413                           ;main.c: 101:     T2CKPS1 = 0;
   414     0047  1690               	bsf	16,5	;volatile
   415     0048                     l1222:
   416                           
   417                           ;main.c: 103:     TMR2ON = 1;
   418     0048  30FF               	movlw	255
   419     0049  008E               	movwf	14	;volatile
   420     004A                     l1224:
   421                           
   422                           ;main.c: 104: 
   423     004A  309C               	movlw	156
   424     004B  008F               	movwf	15	;volatile
   425     004C                     l1226:
   426                           
   427                           ;main.c: 106: 
   428     004C  1410               	bsf	16,0	;volatile
   429     004D                     l1228:
   430                           
   431                           ;main.c: 109: while (1)
   432     004D  1007               	bcf	7,0	;volatile
   433     004E                     l1230:
   434                           
   435                           ;main.c: 110: {
   436     004E  1087               	bcf	7,1	;volatile
   437     004F                     l1232:
   438                           
   439                           ;main.c: 113: 
   440     004F  1597               	bsf	23,3	;volatile
   441     0050                     l1234:
   442                           
   443                           ;main.c: 114:     if(RB3 == 0){
   444     0050  1517               	bsf	23,2	;volatile
   445     0051                     l1236:
   446                           
   447                           ;main.c: 115:         _delay((unsigned long)((50)*(4000000/4000.0)));
   448     0051  1683               	bsf	3,5	;RP0=1, select bank1
   449     0052  1303               	bcf	3,6	;RP1=0, select bank1
   450     0053  1107               	bcf	7,2	;volatile
   451     0054                     l1238:
   452                           
   453                           ;main.c: 117:         RD7 =~ RD7;
   454     0054  307C               	movlw	124
   455     0055  0092               	movwf	18	;volatile
   456     0056                     l1240:
   457                           
   458                           ;main.c: 119: 
   459     0056  1283               	bcf	3,5	;RP0=0, select bank0
   460     0057  1303               	bcf	3,6	;RP1=0, select bank0
   461     0058  1412               	bsf	18,0	;volatile
   462     0059                     l1242:
   463                           
   464                           ;main.c: 120:     if (RB5 == 0 && RC0 == 1 && RC1 == 0){
   465     0059  1092               	bcf	18,1	;volatile
   466     005A                     l1244:
   467                           
   468                           ;main.c: 122:         meio = 0;
   469     005A  1512               	bsf	18,2	;volatile
   470     005B                     l1246:
   471                           
   472                           ;main.c: 124:         RC0 = 0;
   473     005B  1388               	bcf	8,7	;volatile
   474     005C                     l1248:
   475                           
   476                           ;main.c: 129:     };main.c: 130:     if (RB6 == 0) {
   477     005C  120A  118A  2236  120A  118A  	fcall	_readLDR
   478     0061  0875               	movf	?_readLDR+1,w
   479     0062  1283               	bcf	3,5	;RP0=0, select bank0
   480     0063  1303               	bcf	3,6	;RP1=0, select bank0
   481     0064  00AF               	movwf	main@ldrValue+1
   482     0065  0874               	movf	?_readLDR,w
   483     0066  00AE               	movwf	main@ldrValue
   484     0067                     l1250:
   485                           
   486                           ;main.c: 133:     }
   487     0067  1986               	btfsc	6,3	;volatile
   488     0068  286A               	goto	u901
   489     0069  286B               	goto	u900
   490     006A                     u901:
   491     006A  287C               	goto	l1256
   492     006B                     u900:
   493     006B                     l1252:
   494                           
   495                           ;main.c: 134:     if (RB7 == 0 && RC0 == 0 && RC1 == 1) {
   496     006B  3041               	movlw	65
   497     006C  1283               	bcf	3,5	;RP0=0, select bank0
   498     006D  1303               	bcf	3,6	;RP1=0, select bank0
   499     006E  00AD               	movwf	??_main+1
   500     006F  30ED               	movlw	237
   501     0070  00AC               	movwf	??_main
   502     0071                     u1197:
   503     0071  0BAC               	decfsz	??_main,f
   504     0072  2871               	goto	u1197
   505     0073  0BAD               	decfsz	??_main+1,f
   506     0074  2871               	goto	u1197
   507     0075  2876               	nop2
   508     0076                     l1254:
   509                           
   510                           ;main.c: 135:         inicio = 1;
   511     0076  1283               	bcf	3,5	;RP0=0, select bank0
   512     0077  1303               	bcf	3,6	;RP1=0, select bank0
   513     0078  09A0               	comf	_manualControl,f
   514     0079  09A1               	comf	_manualControl+1,f
   515                           
   516                           ;main.c: 136:         meio = 0;
   517     007A  3080               	movlw	128
   518     007B  0688               	xorwf	8,f
   519     007C                     l1256:
   520                           
   521                           ;main.c: 139:         RC1 = 0;
   522     007C  1A86               	btfsc	6,5	;volatile
   523     007D  287F               	goto	u911
   524     007E  2880               	goto	u910
   525     007F                     u911:
   526     007F  28A0               	goto	l1278
   527     0080                     u910:
   528     0080                     l1258:
   529     0080  1C07               	btfss	7,0	;volatile
   530     0081  2883               	goto	u921
   531     0082  2884               	goto	u920
   532     0083                     u921:
   533     0083  28A0               	goto	l1278
   534     0084                     u920:
   535     0084                     l1260:
   536     0084  1887               	btfsc	7,1	;volatile
   537     0085  2887               	goto	u931
   538     0086  2888               	goto	u930
   539     0087                     u931:
   540     0087  28A0               	goto	l1278
   541     0088                     u930:
   542     0088                     l1262:
   543                           
   544                           ;main.c: 140:         aberta = 1;
   545     0088  3001               	movlw	1
   546     0089  00A8               	movwf	_fim
   547     008A  3000               	movlw	0
   548     008B  00A9               	movwf	_fim+1
   549     008C                     l1264:
   550                           
   551                           ;main.c: 141:         closing = 0;
   552     008C  01A6               	clrf	_meio
   553     008D  01A7               	clrf	_meio+1
   554     008E                     l1266:
   555                           
   556                           ;main.c: 142:         opening = 0;
   557     008E  3000               	movlw	0
   558     008F  00F4               	movwf	PWM1_Set_Duty@DC
   559     0090  00F5               	movwf	PWM1_Set_Duty@DC+1
   560     0091  120A  118A  2215  120A  118A  	fcall	_PWM1_Set_Duty
   561     0096                     l1268:
   562                           
   563                           ;main.c: 143:     }
   564     0096  1283               	bcf	3,5	;RP0=0, select bank0
   565     0097  1303               	bcf	3,6	;RP1=0, select bank0
   566     0098  1007               	bcf	7,0	;volatile
   567     0099                     l1270:
   568                           
   569                           ;main.c: 144: 
   570     0099  1087               	bcf	7,1	;volatile
   571     009A                     l1272:
   572                           
   573                           ;main.c: 145: 
   574     009A  01B0               	clrf	_aberta
   575     009B  01B1               	clrf	_aberta+1
   576     009C                     l1274:
   577                           
   578                           ;main.c: 146: 
   579     009C  01A4               	clrf	_opening
   580     009D  01A5               	clrf	_opening+1
   581     009E                     l1276:
   582                           
   583                           ;main.c: 147:     if (inicio == 1) {
   584     009E  01A2               	clrf	_closing
   585     009F  01A3               	clrf	_closing+1
   586     00A0                     l1278:
   587                           
   588                           ;main.c: 149:         RD6 = 1;
   589     00A0  1B06               	btfsc	6,6	;volatile
   590     00A1  28A3               	goto	u941
   591     00A2  28A4               	goto	u940
   592     00A3                     u941:
   593     00A3  28B1               	goto	l1284
   594     00A4                     u940:
   595     00A4                     l1280:
   596                           
   597                           ;main.c: 150:     }
   598     00A4  3001               	movlw	1
   599     00A5  00A6               	movwf	_meio
   600     00A6  3000               	movlw	0
   601     00A7  00A7               	movwf	_meio+1
   602     00A8                     l1282:
   603                           
   604                           ;main.c: 151: 
   605     00A8  3032               	movlw	50
   606     00A9  00F4               	movwf	PWM1_Set_Duty@DC
   607     00AA  3000               	movlw	0
   608     00AB  00F5               	movwf	PWM1_Set_Duty@DC+1
   609     00AC  120A  118A  2215  120A  118A  	fcall	_PWM1_Set_Duty
   610     00B1                     l1284:
   611                           
   612                           ;main.c: 153:         RD5 = 1;
   613     00B1  1283               	bcf	3,5	;RP0=0, select bank0
   614     00B2  1303               	bcf	3,6	;RP1=0, select bank0
   615     00B3  1B86               	btfsc	6,7	;volatile
   616     00B4  28B6               	goto	u951
   617     00B5  28B7               	goto	u950
   618     00B6                     u951:
   619     00B6  28D9               	goto	l1306
   620     00B7                     u950:
   621     00B7                     l1286:
   622     00B7  1807               	btfsc	7,0	;volatile
   623     00B8  28BA               	goto	u961
   624     00B9  28BB               	goto	u960
   625     00BA                     u961:
   626     00BA  28D9               	goto	l1306
   627     00BB                     u960:
   628     00BB                     l1288:
   629     00BB  1C87               	btfss	7,1	;volatile
   630     00BC  28BE               	goto	u971
   631     00BD  28BF               	goto	u970
   632     00BE                     u971:
   633     00BE  28D9               	goto	l1306
   634     00BF                     u970:
   635     00BF                     l1290:
   636                           
   637                           ;main.c: 154:         RD6 = 0;
   638     00BF  3001               	movlw	1
   639     00C0  00B2               	movwf	_inicio
   640     00C1  3000               	movlw	0
   641     00C2  00B3               	movwf	_inicio+1
   642     00C3                     l1292:
   643                           
   644                           ;main.c: 155:     }
   645     00C3  01A6               	clrf	_meio
   646     00C4  01A7               	clrf	_meio+1
   647     00C5                     l1294:
   648                           
   649                           ;main.c: 156: 
   650     00C5  3000               	movlw	0
   651     00C6  00F4               	movwf	PWM1_Set_Duty@DC
   652     00C7  00F5               	movwf	PWM1_Set_Duty@DC+1
   653     00C8  120A  118A  2215  120A  118A  	fcall	_PWM1_Set_Duty
   654     00CD                     l1296:
   655                           
   656                           ;main.c: 157:     if (inicio == 0 && closing == 1) {
   657     00CD  1283               	bcf	3,5	;RP0=0, select bank0
   658     00CE  1303               	bcf	3,6	;RP1=0, select bank0
   659     00CF  1007               	bcf	7,0	;volatile
   660     00D0                     l1298:
   661                           
   662                           ;main.c: 158:         RD6 = 0;
   663     00D0  1087               	bcf	7,1	;volatile
   664     00D1                     l1300:
   665                           
   666                           ;main.c: 159:     }
   667     00D1  3001               	movlw	1
   668     00D2  00B0               	movwf	_aberta
   669     00D3  3000               	movlw	0
   670     00D4  00B1               	movwf	_aberta+1
   671     00D5                     l1302:
   672                           
   673                           ;main.c: 160: 
   674     00D5  01A2               	clrf	_closing
   675     00D6  01A3               	clrf	_closing+1
   676     00D7                     l1304:
   677                           
   678                           ;main.c: 161:     if (fim == 0 && opening == 1) {
   679     00D7  01A4               	clrf	_opening
   680     00D8  01A5               	clrf	_opening+1
   681     00D9                     l1306:
   682                           
   683                           ;main.c: 166:         {
   684     00D9  0332               	decf	_inicio,w
   685     00DA  0433               	iorwf	_inicio+1,w
   686     00DB  1D03               	btfss	3,2
   687     00DC  28DE               	goto	u981
   688     00DD  28DF               	goto	u980
   689     00DE                     u981:
   690     00DE  28E1               	goto	l1310
   691     00DF                     u980:
   692     00DF                     l1308:
   693                           
   694                           ;main.c: 167: 
   695     00DF  1288               	bcf	8,5	;volatile
   696                           
   697                           ;main.c: 168: 
   698     00E0  1708               	bsf	8,6	;volatile
   699     00E1                     l1310:
   700                           
   701                           ;main.c: 171:                 RC0 = 0;
   702     00E1  0328               	decf	_fim,w
   703     00E2  0429               	iorwf	_fim+1,w
   704     00E3  1D03               	btfss	3,2
   705     00E4  28E6               	goto	u991
   706     00E5  28E7               	goto	u990
   707     00E6                     u991:
   708     00E6  28E9               	goto	l1314
   709     00E7                     u990:
   710     00E7                     l1312:
   711                           
   712                           ;main.c: 172:                 RC1 = 1;
   713     00E7  1688               	bsf	8,5	;volatile
   714                           
   715                           ;main.c: 173: 
   716     00E8  1308               	bcf	8,6	;volatile
   717     00E9                     l1314:
   718                           
   719                           ;main.c: 176:                 } else {
   720     00E9  0832               	movf	_inicio,w
   721     00EA  0433               	iorwf	_inicio+1,w
   722     00EB  1D03               	btfss	3,2
   723     00EC  28EE               	goto	u1001
   724     00ED  28EF               	goto	u1000
   725     00EE                     u1001:
   726     00EE  28F6               	goto	l1320
   727     00EF                     u1000:
   728     00EF                     l1316:
   729     00EF  0322               	decf	_closing,w
   730     00F0  0423               	iorwf	_closing+1,w
   731     00F1  1D03               	btfss	3,2
   732     00F2  28F4               	goto	u1011
   733     00F3  28F5               	goto	u1010
   734     00F4                     u1011:
   735     00F4  28F6               	goto	l1320
   736     00F5                     u1010:
   737     00F5                     l1318:
   738                           
   739                           ;main.c: 177:                     PWM1_Set_Duty(200);
   740     00F5  1308               	bcf	8,6	;volatile
   741     00F6                     l1320:
   742                           
   743                           ;main.c: 180:                 fim = 0;
   744     00F6  0828               	movf	_fim,w
   745     00F7  0429               	iorwf	_fim+1,w
   746     00F8  1D03               	btfss	3,2
   747     00F9  28FB               	goto	u1021
   748     00FA  28FC               	goto	u1020
   749     00FB                     u1021:
   750     00FB  2903               	goto	l1326
   751     00FC                     u1020:
   752     00FC                     l1322:
   753     00FC  0324               	decf	_opening,w
   754     00FD  0425               	iorwf	_opening+1,w
   755     00FE  1D03               	btfss	3,2
   756     00FF  2901               	goto	u1031
   757     0100  2902               	goto	u1030
   758     0101                     u1031:
   759     0101  2903               	goto	l1326
   760     0102                     u1030:
   761     0102                     l1324:
   762                           
   763                           ;main.c: 181:                 inicio = 0;
   764     0102  1288               	bcf	8,5	;volatile
   765     0103                     l1326:
   766                           
   767                           ;main.c: 184:             }
   768     0103  0820               	movf	_manualControl,w
   769     0104  0421               	iorwf	_manualControl+1,w
   770     0105  1D03               	btfss	3,2
   771     0106  2908               	goto	u1041
   772     0107  2909               	goto	u1040
   773     0108                     u1041:
   774     0108  2991               	goto	l136
   775     0109                     u1040:
   776     0109                     l1328:
   777                           
   778                           ;main.c: 185: ;main.c: 188:                 RC0 = 1;
   779     0109  082F               	movf	main@ldrValue+1,w
   780     010A  3A80               	xorlw	128
   781     010B  00FF               	movwf	btemp+1
   782     010C  3085               	movlw	133
   783     010D  027F               	subwf	btemp+1,w
   784     010E  1D03               	skipz
   785     010F  2912               	goto	u1055
   786     0110  30DD               	movlw	221
   787     0111  022E               	subwf	main@ldrValue,w
   788     0112                     u1055:
   789     0112  1C03               	skipc
   790     0113  2915               	goto	u1051
   791     0114  2916               	goto	u1050
   792     0115                     u1051:
   793     0115  294C               	goto	l1350
   794     0116                     u1050:
   795     0116                     l1330:
   796     0116  1283               	bcf	3,5	;RP0=0, select bank0
   797     0117  1303               	bcf	3,6	;RP1=0, select bank0
   798     0118  0828               	movf	_fim,w
   799     0119  0429               	iorwf	_fim+1,w
   800     011A  1903               	btfsc	3,2
   801     011B  291D               	goto	u1061
   802     011C  291E               	goto	u1060
   803     011D                     u1061:
   804     011D  294C               	goto	l1350
   805     011E                     u1060:
   806     011E                     l1332:
   807     011E  0824               	movf	_opening,w
   808     011F  0425               	iorwf	_opening+1,w
   809     0120  1D03               	btfss	3,2
   810     0121  2923               	goto	u1071
   811     0122  2924               	goto	u1070
   812     0123                     u1071:
   813     0123  294C               	goto	l1350
   814     0124                     u1070:
   815     0124                     l1334:
   816                           
   817                           ;main.c: 189:                 RC1 = 0;;main.c: 190: 
   818     0124  1007               	bcf	7,0	;volatile
   819                           
   820                           ;main.c: 191:                 if (meio == 1) {
   821     0125  1487               	bsf	7,1	;volatile
   822     0126                     l1336:
   823                           
   824                           ;main.c: 193:                 } else {
   825     0126  0326               	decf	_meio,w
   826     0127  0427               	iorwf	_meio+1,w
   827     0128  1D03               	btfss	3,2
   828     0129  292B               	goto	u1081
   829     012A  292C               	goto	u1080
   830     012B                     u1081:
   831     012B  2936               	goto	l1340
   832     012C                     u1080:
   833     012C                     l1338:
   834                           
   835                           ;main.c: 194:                     PWM1_Set_Duty(200);
   836     012C  3064               	movlw	100
   837     012D  00F4               	movwf	PWM1_Set_Duty@DC
   838     012E  3000               	movlw	0
   839     012F  00F5               	movwf	PWM1_Set_Duty@DC+1
   840     0130  120A  118A  2215  120A  118A  	fcall	_PWM1_Set_Duty
   841                           
   842                           ;main.c: 195:                 }
   843     0135  293F               	goto	l1342
   844     0136                     l1340:
   845                           
   846                           ;main.c: 196: 
   847     0136  30C8               	movlw	200
   848     0137  00F4               	movwf	PWM1_Set_Duty@DC
   849     0138  3000               	movlw	0
   850     0139  00F5               	movwf	PWM1_Set_Duty@DC+1
   851     013A  120A  118A  2215  120A  118A  	fcall	_PWM1_Set_Duty
   852     013F                     l1342:
   853                           
   854                           ;main.c: 199:                 closing = 1;
   855     013F  1283               	bcf	3,5	;RP0=0, select bank0
   856     0140  1303               	bcf	3,6	;RP1=0, select bank0
   857     0141  01A8               	clrf	_fim
   858     0142  01A9               	clrf	_fim+1
   859     0143                     l1344:
   860                           
   861                           ;main.c: 200:                 opening = 0;
   862     0143  01B2               	clrf	_inicio
   863     0144  01B3               	clrf	_inicio+1
   864     0145                     l1346:
   865                           
   866                           ;main.c: 201:             }
   867     0145  3001               	movlw	1
   868     0146  00A4               	movwf	_opening
   869     0147  3000               	movlw	0
   870     0148  00A5               	movwf	_opening+1
   871     0149                     l1348:
   872                           
   873                           ;main.c: 202:         }
   874     0149  01A2               	clrf	_closing
   875     014A  01A3               	clrf	_closing+1
   876                           
   877                           ;main.c: 203:         else
   878     014B  29B7               	goto	l1408
   879     014C                     l1350:
   880     014C  1283               	bcf	3,5	;RP0=0, select bank0
   881     014D  1303               	bcf	3,6	;RP1=0, select bank0
   882     014E  082F               	movf	main@ldrValue+1,w
   883     014F  3A80               	xorlw	128
   884     0150  00FF               	movwf	btemp+1
   885     0151  3083               	movlw	131
   886     0152  027F               	subwf	btemp+1,w
   887     0153  1D03               	skipz
   888     0154  2957               	goto	u1095
   889     0155  30E8               	movlw	232
   890     0156  022E               	subwf	main@ldrValue,w
   891     0157                     u1095:
   892     0157  1803               	skipnc
   893     0158  295A               	goto	u1091
   894     0159  295B               	goto	u1090
   895     015A                     u1091:
   896     015A  29B7               	goto	l1408
   897     015B                     u1090:
   898     015B                     l1352:
   899     015B  1283               	bcf	3,5	;RP0=0, select bank0
   900     015C  1303               	bcf	3,6	;RP1=0, select bank0
   901     015D  0832               	movf	_inicio,w
   902     015E  0433               	iorwf	_inicio+1,w
   903     015F  1903               	btfsc	3,2
   904     0160  2962               	goto	u1101
   905     0161  2963               	goto	u1100
   906     0162                     u1101:
   907     0162  29B7               	goto	l1408
   908     0163                     u1100:
   909     0163                     l1354:
   910     0163  0822               	movf	_closing,w
   911     0164  0423               	iorwf	_closing+1,w
   912     0165  1D03               	btfss	3,2
   913     0166  2968               	goto	u1111
   914     0167  2969               	goto	u1110
   915     0168                     u1111:
   916     0168  29B7               	goto	l1408
   917     0169                     u1110:
   918     0169                     l1356:
   919                           
   920                           ;main.c: 206:             if (RB0 == 0 && inicio == 1);main.c: 207:             {
   921     0169  1407               	bsf	7,0	;volatile
   922                           
   923                           ;main.c: 208:                 RC0 = 1;
   924     016A  1087               	bcf	7,1	;volatile
   925     016B                     l1358:
   926                           
   927                           ;main.c: 210: 
   928     016B  0326               	decf	_meio,w
   929     016C  0427               	iorwf	_meio+1,w
   930     016D  1D03               	btfss	3,2
   931     016E  2970               	goto	u1121
   932     016F  2971               	goto	u1120
   933     0170                     u1121:
   934     0170  297B               	goto	l1362
   935     0171                     u1120:
   936     0171                     l1360:
   937                           
   938                           ;main.c: 211:                 if (meio == 1) {
   939     0171  3064               	movlw	100
   940     0172  00F4               	movwf	PWM1_Set_Duty@DC
   941     0173  3000               	movlw	0
   942     0174  00F5               	movwf	PWM1_Set_Duty@DC+1
   943     0175  120A  118A  2215  120A  118A  	fcall	_PWM1_Set_Duty
   944                           
   945                           ;main.c: 212:                     PWM1_Set_Duty(100);
   946     017A  2984               	goto	l1364
   947     017B                     l1362:
   948                           
   949                           ;main.c: 213:                 } else {
   950     017B  30C8               	movlw	200
   951     017C  00F4               	movwf	PWM1_Set_Duty@DC
   952     017D  3000               	movlw	0
   953     017E  00F5               	movwf	PWM1_Set_Duty@DC+1
   954     017F  120A  118A  2215  120A  118A  	fcall	_PWM1_Set_Duty
   955     0184                     l1364:
   956                           
   957                           ;main.c: 216: 
   958     0184  1283               	bcf	3,5	;RP0=0, select bank0
   959     0185  1303               	bcf	3,6	;RP1=0, select bank0
   960     0186  01B2               	clrf	_inicio
   961     0187  01B3               	clrf	_inicio+1
   962     0188                     l1366:
   963                           
   964                           ;main.c: 217:                 inicio = 0;
   965     0188  01A8               	clrf	_fim
   966     0189  01A9               	clrf	_fim+1
   967     018A                     l1368:
   968                           
   969                           ;main.c: 218:                 fim = 0;
   970     018A  3001               	movlw	1
   971     018B  00A2               	movwf	_closing
   972     018C  3000               	movlw	0
   973     018D  00A3               	movwf	_closing+1
   974     018E                     l1370:
   975                           
   976                           ;main.c: 219:                 closing = 1;
   977     018E  01A4               	clrf	_opening
   978     018F  01A5               	clrf	_opening+1
   979     0190  29B7               	goto	l1408
   980     0191                     l136:	
   981                           ;main.c: 222:             else if(RB1 == 0 && fim == 1)
   982                           
   983                           
   984                           ;main.c: 223:             {;main.c: 225:                 RC1 = 1;
   985     0191  1806               	btfsc	6,0	;volatile
   986     0192  2994               	goto	u1131
   987     0193  2995               	goto	u1130
   988     0194                     u1131:
   989     0194  29A4               	goto	l145
   990     0195                     u1130:
   991     0195                     l1372:
   992     0195  0332               	decf	_inicio,w
   993     0196  0433               	iorwf	_inicio+1,w
   994     0197  1D03               	btfss	3,2
   995     0198  299A               	goto	u1141
   996     0199  299B               	goto	u1140
   997     019A                     u1141:
   998     019A  29A4               	goto	l145
   999     019B                     u1140:
  1000     019B                     l1374:
  1001                           
  1002                           ;main.c: 226: ;main.c: 227:                 if (meio == 1) {
  1003     019B  1407               	bsf	7,0	;volatile
  1004                           
  1005                           ;main.c: 228:                     PWM1_Set_Duty(100);
  1006     019C  1087               	bcf	7,1	;volatile
  1007     019D                     l1376:
  1008                           
  1009                           ;main.c: 230:                     PWM1_Set_Duty(200);
  1010     019D  0326               	decf	_meio,w
  1011     019E  0427               	iorwf	_meio+1,w
  1012     019F  1D03               	btfss	3,2
  1013     01A0  29A2               	goto	u1151
  1014     01A1  29A3               	goto	u1150
  1015     01A2                     u1151:
  1016     01A2  297B               	goto	l1362
  1017     01A3                     u1150:
  1018     01A3  2971               	goto	l1360
  1019     01A4                     l145:	
  1020                           ;main.c: 241:         _delay((unsigned long)((20)*(4000000/4000.0)));
  1021                           
  1022     01A4  1886               	btfsc	6,1	;volatile
  1023     01A5  29A7               	goto	u1161
  1024     01A6  29A8               	goto	u1160
  1025     01A7                     u1161:
  1026     01A7  29B7               	goto	l1408
  1027     01A8                     u1160:
  1028     01A8                     l1390:
  1029     01A8  0328               	decf	_fim,w
  1030     01A9  0429               	iorwf	_fim+1,w
  1031     01AA  1D03               	btfss	3,2
  1032     01AB  29AD               	goto	u1171
  1033     01AC  29AE               	goto	u1170
  1034     01AD                     u1171:
  1035     01AD  29B7               	goto	l1408
  1036     01AE                     u1170:
  1037     01AE                     l1392:
  1038                           
  1039                           ;main.c: 242:     };main.c: 243: }
  1040     01AE  1007               	bcf	7,0	;volatile
  1041                           
  1042                           ;main.c: 244: 
  1043     01AF  1487               	bsf	7,1	;volatile
  1044     01B0                     l1394:
  1045                           
  1046                           ;main.c: 246: {
  1047     01B0  0326               	decf	_meio,w
  1048     01B1  0427               	iorwf	_meio+1,w
  1049     01B2  1D03               	btfss	3,2
  1050     01B3  29B5               	goto	u1181
  1051     01B4  29B6               	goto	u1180
  1052     01B5                     u1181:
  1053     01B5  2936               	goto	l1340
  1054     01B6                     u1180:
  1055     01B6  292C               	goto	l1338
  1056     01B7                     l1408:
  1057     01B7  301A               	movlw	26
  1058     01B8  1283               	bcf	3,5	;RP0=0, select bank0
  1059     01B9  1303               	bcf	3,6	;RP1=0, select bank0
  1060     01BA  00AD               	movwf	??_main+1
  1061     01BB  30F7               	movlw	247
  1062     01BC  00AC               	movwf	??_main
  1063     01BD                     u1207:
  1064     01BD  0BAC               	decfsz	??_main,f
  1065     01BE  29BD               	goto	u1207
  1066     01BF  0BAD               	decfsz	??_main+1,f
  1067     01C0  29BD               	goto	u1207
  1068     01C1  29C2               	nop2
  1069     01C2  285C               	goto	l1248
  1070     01C3  120A  118A  280C   	ljmp	start
  1071     01C6                     __end_of_main:
  1072                           
  1073                           	psect	text1
  1074     0236                     __ptext1:	
  1075 ;; *************** function _readLDR *****************
  1076 ;; Defined at:
  1077 ;;		line 52 in file "main.c"
  1078 ;; Parameters:    Size  Location     Type
  1079 ;;		None
  1080 ;; Auto vars:     Size  Location     Type
  1081 ;;		None
  1082 ;; Return value:  Size  Location     Type
  1083 ;;                  2    4[COMMON] int 
  1084 ;; Registers used:
  1085 ;;		wreg
  1086 ;; Tracked objects:
  1087 ;;		On entry : 0/0
  1088 ;;		On exit  : 0/0
  1089 ;;		Unchanged: 0/0
  1090 ;; Data sizes:     COMMON   BANK0   BANK1   BANK3   BANK2
  1091 ;;      Params:         2       0       0       0       0
  1092 ;;      Locals:         0       0       0       0       0
  1093 ;;      Temps:          0       0       0       0       0
  1094 ;;      Totals:         2       0       0       0       0
  1095 ;;Total ram usage:        2 bytes
  1096 ;; Hardware stack levels used: 1
  1097 ;; Hardware stack levels required when called: 1
  1098 ;; This function calls:
  1099 ;;		Nothing
  1100 ;; This function is called by:
  1101 ;;		_main
  1102 ;; This function uses a non-reentrant model
  1103 ;;
  1104                           
  1105     0236                     _readLDR:	
  1106                           ;psect for function _readLDR
  1107                           
  1108     0236                     l962:	
  1109                           ;incstack = 0
  1110                           ; Regs used in _readLDR: [wreg]
  1111                           
  1112                           
  1113                           ;main.c: 53:             ledState = !ledState;
  1114     0236  3001               	movlw	1
  1115     0237  1283               	bcf	3,5	;RP0=0, select bank0
  1116     0238  1303               	bcf	3,6	;RP1=0, select bank0
  1117     0239  009F               	movwf	31	;volatile
  1118                           
  1119                           ;main.c: 54:             if (closing == 1) {
  1120     023A  300E               	movlw	14
  1121     023B  1683               	bsf	3,5	;RP0=1, select bank1
  1122     023C  1303               	bcf	3,6	;RP1=0, select bank1
  1123     023D  009F               	movwf	31	;volatile
  1124     023E                     l964:
  1125                           
  1126                           ;main.c: 57:             if (opening == 1) {
  1127     023E  1283               	bcf	3,5	;RP0=0, select bank0
  1128     023F  1303               	bcf	3,6	;RP1=0, select bank0
  1129     0240  151F               	bsf	31,2	;volatile
  1130     0241                     l110:	
  1131                           ;main.c: 60:             timerCounter = 0;
  1132                           
  1133     0241  191F               	btfsc	31,2	;volatile
  1134     0242  2A44               	goto	u441
  1135     0243  2A45               	goto	u440
  1136     0244                     u441:
  1137     0244  2A41               	goto	l110
  1138     0245                     u440:
  1139     0245                     l966:
  1140                           
  1141                           ;main.c: 63:             TMR1H = 0x9c;
  1142     0245  081E               	movf	30,w	;volatile
  1143     0246  00F5               	movwf	?_readLDR+1
  1144     0247  1683               	bsf	3,5	;RP0=1, select bank1
  1145     0248  1303               	bcf	3,6	;RP1=0, select bank1
  1146     0249  081E               	movf	30,w	;volatile
  1147     024A  00F4               	movwf	?_readLDR
  1148     024B                     l113:
  1149     024B  0008               	return
  1150     024C                     __end_of_readLDR:
  1151                           
  1152                           	psect	text2
  1153     024C                     __ptext2:	
  1154 ;; *************** function _initialize *****************
  1155 ;; Defined at:
  1156 ;;		line 40 in file "main.c"
  1157 ;; Parameters:    Size  Location     Type
  1158 ;;		None
  1159 ;; Auto vars:     Size  Location     Type
  1160 ;;		None
  1161 ;; Return value:  Size  Location     Type
  1162 ;;                  1    wreg      void 
  1163 ;; Registers used:
  1164 ;;		wreg, status,2
  1165 ;; Tracked objects:
  1166 ;;		On entry : 0/0
  1167 ;;		On exit  : 0/0
  1168 ;;		Unchanged: 0/0
  1169 ;; Data sizes:     COMMON   BANK0   BANK1   BANK3   BANK2
  1170 ;;      Params:         0       0       0       0       0
  1171 ;;      Locals:         0       0       0       0       0
  1172 ;;      Temps:          0       0       0       0       0
  1173 ;;      Totals:         0       0       0       0       0
  1174 ;;Total ram usage:        0 bytes
  1175 ;; Hardware stack levels used: 1
  1176 ;; Hardware stack levels required when called: 1
  1177 ;; This function calls:
  1178 ;;		Nothing
  1179 ;; This function is called by:
  1180 ;;		_main
  1181 ;; This function uses a non-reentrant model
  1182 ;;
  1183                           
  1184     024C                     _initialize:	
  1185                           ;psect for function _initialize
  1186                           
  1187     024C                     l952:	
  1188                           ;incstack = 0
  1189                           ; Regs used in _initialize: [wreg+status,2]
  1190                           
  1191                           
  1192                           ;main.c: 42: 
  1193     024C  30FF               	movlw	255
  1194     024D  1683               	bsf	3,5	;RP0=1, select bank1
  1195     024E  1303               	bcf	3,6	;RP1=0, select bank1
  1196     024F  0086               	movwf	6	;volatile
  1197     0250                     l954:
  1198                           
  1199                           ;main.c: 43: 
  1200     0250  0188               	clrf	8	;volatile
  1201     0251                     l956:
  1202                           
  1203                           ;main.c: 44:     return (ADRESH << 8) | ADRESL;
  1204     0251  30FF               	movlw	255
  1205     0252  0085               	movwf	5	;volatile
  1206                           
  1207                           ;main.c: 45: }
  1208     0253  0187               	clrf	7	;volatile
  1209                           
  1210                           ;main.c: 46: 
  1211     0254  1283               	bcf	3,5	;RP0=0, select bank0
  1212     0255  1303               	bcf	3,6	;RP1=0, select bank0
  1213     0256  0188               	clrf	8	;volatile
  1214     0257                     l958:
  1215                           
  1216                           ;main.c: 47: 
  1217     0257  3001               	movlw	1
  1218     0258  0087               	movwf	7	;volatile
  1219     0259                     l960:
  1220                           
  1221                           ;main.c: 48: void __attribute__((picinterrupt(("")))) ISR(void) {
  1222     0259  1683               	bsf	3,5	;RP0=1, select bank1
  1223     025A  1303               	bcf	3,6	;RP1=0, select bank1
  1224     025B  1381               	bcf	1,7	;volatile
  1225     025C                     l107:
  1226     025C  0008               	return
  1227     025D                     __end_of_initialize:
  1228                           
  1229                           	psect	text3
  1230     0215                     __ptext3:	
  1231 ;; *************** function _PWM1_Set_Duty *****************
  1232 ;; Defined at:
  1233 ;;		line 264 in file "main.c"
  1234 ;; Parameters:    Size  Location     Type
  1235 ;;  DC              2    4[COMMON] unsigned short 
  1236 ;; Auto vars:     Size  Location     Type
  1237 ;;		None
  1238 ;; Return value:  Size  Location     Type
  1239 ;;                  1    wreg      void 
  1240 ;; Registers used:
  1241 ;;		wreg, status,2, status,0
  1242 ;; Tracked objects:
  1243 ;;		On entry : 0/0
  1244 ;;		On exit  : 0/0
  1245 ;;		Unchanged: 0/0
  1246 ;; Data sizes:     COMMON   BANK0   BANK1   BANK3   BANK2
  1247 ;;      Params:         2       0       0       0       0
  1248 ;;      Locals:         0       0       0       0       0
  1249 ;;      Temps:          0       2       0       0       0
  1250 ;;      Totals:         2       2       0       0       0
  1251 ;;Total ram usage:        4 bytes
  1252 ;; Hardware stack levels used: 1
  1253 ;; Hardware stack levels required when called: 1
  1254 ;; This function calls:
  1255 ;;		Nothing
  1256 ;; This function is called by:
  1257 ;;		_main
  1258 ;; This function uses a non-reentrant model
  1259 ;;
  1260                           
  1261     0215                     _PWM1_Set_Duty:	
  1262                           ;psect for function _PWM1_Set_Duty
  1263                           
  1264     0215                     l1202:	
  1265                           ;incstack = 0
  1266                           ; Regs used in _PWM1_Set_Duty: [wreg+status,2+status,0]
  1267                           
  1268     0215  3004               	movlw	4
  1269     0216  0275               	subwf	PWM1_Set_Duty@DC+1,w
  1270     0217  3000               	movlw	0
  1271     0218  1903               	skipnz
  1272     0219  0274               	subwf	PWM1_Set_Duty@DC,w
  1273     021A  1803               	skipnc
  1274     021B  2A1D               	goto	u871
  1275     021C  2A1E               	goto	u870
  1276     021D                     u871:
  1277     021D  2A35               	goto	l158
  1278     021E                     u870:
  1279     021E                     l1204:
  1280     021E  1874               	btfsc	PWM1_Set_Duty@DC,0
  1281     021F  2A21               	goto	u881
  1282     0220  2A25               	goto	u880
  1283     0221                     u881:
  1284     0221  1283               	bcf	3,5	;RP0=0, select bank0
  1285     0222  1303               	bcf	3,6	;RP1=0, select bank0
  1286     0223  1617               	bsf	23,4	;volatile
  1287     0224  2A28               	goto	u894
  1288     0225                     u880:
  1289     0225  1283               	bcf	3,5	;RP0=0, select bank0
  1290     0226  1303               	bcf	3,6	;RP1=0, select bank0
  1291     0227  1217               	bcf	23,4	;volatile
  1292     0228                     u894:
  1293     0228  1297               	bcf	23,5	;volatile
  1294     0229                     l1206:
  1295     0229  0875               	movf	PWM1_Set_Duty@DC+1,w
  1296     022A  00AB               	movwf	??_PWM1_Set_Duty+1
  1297     022B  0874               	movf	PWM1_Set_Duty@DC,w
  1298     022C  00AA               	movwf	??_PWM1_Set_Duty
  1299     022D  1003               	clrc
  1300     022E  0CAB               	rrf	??_PWM1_Set_Duty+1,f
  1301     022F  0CAA               	rrf	??_PWM1_Set_Duty,f
  1302     0230  1003               	clrc
  1303     0231  0CAB               	rrf	??_PWM1_Set_Duty+1,f
  1304     0232  0CAA               	rrf	??_PWM1_Set_Duty,f
  1305     0233  082A               	movf	??_PWM1_Set_Duty,w
  1306     0234  0095               	movwf	21	;volatile
  1307     0235                     l158:
  1308     0235  0008               	return
  1309     0236                     __end_of_PWM1_Set_Duty:
  1310                           
  1311                           	psect	text4
  1312     01C6                     __ptext4:	
  1313 ;; *************** function _ISR *****************
  1314 ;; Defined at:
  1315 ;;		line 67 in file "main.c"
  1316 ;; Parameters:    Size  Location     Type
  1317 ;;		None
  1318 ;; Auto vars:     Size  Location     Type
  1319 ;;		None
  1320 ;; Return value:  Size  Location     Type
  1321 ;;                  1    wreg      void 
  1322 ;; Registers used:
  1323 ;;		wreg, status,2, status,0
  1324 ;; Tracked objects:
  1325 ;;		On entry : 0/0
  1326 ;;		On exit  : 0/0
  1327 ;;		Unchanged: 0/0
  1328 ;; Data sizes:     COMMON   BANK0   BANK1   BANK3   BANK2
  1329 ;;      Params:         0       0       0       0       0
  1330 ;;      Locals:         0       0       0       0       0
  1331 ;;      Temps:          4       0       0       0       0
  1332 ;;      Totals:         4       0       0       0       0
  1333 ;;Total ram usage:        4 bytes
  1334 ;; Hardware stack levels used: 1
  1335 ;; This function calls:
  1336 ;;		Nothing
  1337 ;; This function is called by:
  1338 ;;		Interrupt level 1
  1339 ;; This function uses a non-reentrant model
  1340 ;;
  1341                           
  1342     01C6                     _ISR:	
  1343                           ;psect for function _ISR
  1344                           
  1345     01C6                     i1l976:
  1346                           
  1347                           ;main.c: 69: 
  1348     01C6  1283               	bcf	3,5	;RP0=0, select bank0
  1349     01C7  1303               	bcf	3,6	;RP1=0, select bank0
  1350     01C8  1C0C               	btfss	12,0	;volatile
  1351     01C9  29CB               	goto	u48_21
  1352     01CA  29CC               	goto	u48_20
  1353     01CB                     u48_21:
  1354     01CB  2A0E               	goto	i1l122
  1355     01CC                     u48_20:
  1356     01CC                     i1l978:
  1357                           
  1358                           ;main.c: 70: void main() {
  1359     01CC  3001               	movlw	1
  1360     01CD  07F8               	addwf	_timerCounter,f
  1361     01CE  1803               	skipnc
  1362     01CF  0AF9               	incf	_timerCounter+1,f
  1363     01D0  3000               	movlw	0
  1364     01D1  07F9               	addwf	_timerCounter+1,f
  1365     01D2                     i1l980:
  1366                           
  1367                           ;main.c: 71:     initialize();
  1368     01D2  0378               	decf	_timerCounter,w
  1369     01D3  0479               	iorwf	_timerCounter+1,w
  1370     01D4  1D03               	btfss	3,2
  1371     01D5  29D7               	goto	u49_21
  1372     01D6  29D8               	goto	u49_20
  1373     01D7                     u49_21:
  1374     01D7  2A0D               	goto	i1l998
  1375     01D8                     u49_20:
  1376     01D8                     i1l982:
  1377                           
  1378                           ;main.c: 72: 
  1379     01D8  0876               	movf	_ledState,w
  1380     01D9  0477               	iorwf	_ledState+1,w
  1381     01DA  1903               	btfsc	3,2
  1382     01DB  29DD               	goto	u50_21
  1383     01DC  29DF               	goto	u50_20
  1384     01DD                     u50_21:
  1385     01DD  3001               	movlw	1
  1386     01DE  29E0               	goto	u51_20
  1387     01DF                     u50_20:
  1388     01DF  3000               	movlw	0
  1389     01E0                     u51_20:
  1390     01E0  00F0               	movwf	??_ISR
  1391     01E1  01F1               	clrf	??_ISR+1
  1392     01E2  0870               	movf	??_ISR,w
  1393     01E3  00F6               	movwf	_ledState
  1394     01E4  0871               	movf	??_ISR+1,w
  1395     01E5  00F7               	movwf	_ledState+1
  1396                           
  1397                           ;main.c: 73: 
  1398     01E6  0322               	decf	_closing,w
  1399     01E7  0423               	iorwf	_closing+1,w
  1400     01E8  1D03               	btfss	3,2
  1401     01E9  29EB               	goto	u52_21
  1402     01EA  29EC               	goto	u52_20
  1403     01EB                     u52_21:
  1404     01EB  29F6               	goto	i1l986
  1405     01EC                     u52_20:
  1406     01EC                     i1l984:
  1407                           
  1408                           ;main.c: 74: 
  1409     01EC  1876               	btfsc	_ledState,0
  1410     01ED  29EF               	goto	u53_21
  1411     01EE  29F3               	goto	u53_20
  1412     01EF                     u53_21:
  1413     01EF  1283               	bcf	3,5	;RP0=0, select bank0
  1414     01F0  1303               	bcf	3,6	;RP1=0, select bank0
  1415     01F1  1688               	bsf	8,5	;volatile
  1416     01F2  29F6               	goto	u54_24
  1417     01F3                     u53_20:
  1418     01F3  1283               	bcf	3,5	;RP0=0, select bank0
  1419     01F4  1303               	bcf	3,6	;RP1=0, select bank0
  1420     01F5  1288               	bcf	8,5	;volatile
  1421     01F6                     u54_24:
  1422     01F6                     i1l986:
  1423                           
  1424                           ;main.c: 76:     INTCONbits.PEIE = 1;
  1425     01F6  0324               	decf	_opening,w
  1426     01F7  0425               	iorwf	_opening+1,w
  1427     01F8  1D03               	btfss	3,2
  1428     01F9  29FB               	goto	u55_21
  1429     01FA  29FC               	goto	u55_20
  1430     01FB                     u55_21:
  1431     01FB  2A06               	goto	i1l990
  1432     01FC                     u55_20:
  1433     01FC                     i1l988:
  1434                           
  1435                           ;main.c: 77:     PIE1bits.TMR1IE = 1;
  1436     01FC  1876               	btfsc	_ledState,0
  1437     01FD  29FF               	goto	u56_21
  1438     01FE  2A03               	goto	u56_20
  1439     01FF                     u56_21:
  1440     01FF  1283               	bcf	3,5	;RP0=0, select bank0
  1441     0200  1303               	bcf	3,6	;RP1=0, select bank0
  1442     0201  1708               	bsf	8,6	;volatile
  1443     0202  2A06               	goto	u57_24
  1444     0203                     u56_20:
  1445     0203  1283               	bcf	3,5	;RP0=0, select bank0
  1446     0204  1303               	bcf	3,6	;RP1=0, select bank0
  1447     0205  1308               	bcf	8,6	;volatile
  1448     0206                     u57_24:
  1449     0206                     i1l990:
  1450                           
  1451                           ;main.c: 79: 
  1452     0206  01F8               	clrf	_timerCounter
  1453     0207  01F9               	clrf	_timerCounter+1
  1454     0208                     i1l992:
  1455                           
  1456                           ;main.c: 80:     T1CONbits.TMR1CS = 0;
  1457     0208  100C               	bcf	12,0	;volatile
  1458     0209                     i1l994:
  1459                           
  1460                           ;main.c: 81:     T1CONbits.T1CKPS0 = 1;
  1461     0209  30FF               	movlw	255
  1462     020A  008E               	movwf	14	;volatile
  1463     020B                     i1l996:
  1464                           
  1465                           ;main.c: 82:     T1CONbits.T1CKPS1 = 1;
  1466     020B  309C               	movlw	156
  1467     020C  008F               	movwf	15	;volatile
  1468     020D                     i1l998:
  1469                           
  1470                           ;main.c: 84:     TMR1L = 0xff;
  1471     020D  110B               	bcf	11,2	;volatile
  1472     020E                     i1l122:
  1473     020E  0873               	movf	??_ISR+3,w
  1474     020F  008A               	movwf	10
  1475     0210  0E72               	swapf	??_ISR+2,w
  1476     0211  0083               	movwf	3
  1477     0212  0EFE               	swapf	btemp,f
  1478     0213  0E7E               	swapf	btemp,w
  1479     0214  0009               	retfie
  1480     0215                     __end_of_ISR:
  1481     007E                     btemp	set	126	;btemp
  1482     007E                     wtemp0	set	126
  1483                           
  1484                           	psect	intentry
  1485     0004                     __pintentry:	
  1486                           ;incstack = 0
  1487                           ; Regs used in _ISR: [wreg+status,2+status,0]
  1488                           
  1489     0004                     interrupt_function:
  1490     007E                     saved_w	set	btemp
  1491     0004  00FE               	movwf	btemp
  1492     0005  0E03               	swapf	3,w
  1493     0006  00F2               	movwf	??_ISR+2
  1494     0007  080A               	movf	10,w
  1495     0008  00F3               	movwf	??_ISR+3
  1496     0009  120A  118A  29C6   	ljmp	_ISR
  1497                           
  1498                           	psect	config
  1499                           
  1500                           ;Config register CONFIG @ 0x2007
  1501                           ;	Oscillator Selection bits
  1502                           ;	FOSC = HS, HS oscillator
  1503                           ;	Watchdog Timer Enable bit
  1504                           ;	WDTE = OFF, WDT disabled
  1505                           ;	Power-up Timer Enable bit
  1506                           ;	PWRTE = OFF, PWRT disabled
  1507                           ;	Brown-out Reset Enable bit
  1508                           ;	BOREN = OFF, BOR disabled
  1509                           ;	Low-Voltage (Single-Supply) In-Circuit Serial Programming Enable bit
  1510                           ;	LVP = OFF, RB3 is digital I/O, HV on MCLR must be used for programming
  1511                           ;	Data EEPROM Memory Code Protection bit
  1512                           ;	CPD = OFF, Data EEPROM code protection off
  1513                           ;	Flash Program Memory Write Enable bits
  1514                           ;	WRT = OFF, Write protection off; all program memory may be written to by EECON control
  1515                           ;	In-Circuit Debugger Mode bit
  1516                           ;	DEBUG = 0x1, unprogrammed default
  1517                           ;	Flash Program Memory Code Protection bit
  1518                           ;	CP = OFF, Code protection off
  1519     2007                     	org	8199
  1520     2007  3F3A               	dw	16186

Data Sizes:
    Strings     0
    Constant    0
    Data        4
    BSS         14
    Persistent  0
    Stack       0

Auto Spaces:
    Space          Size  Autos    Used
    COMMON           14      6      10
    BANK0            80      6      20
    BANK1            80      0       0
    BANK3            96      0       0
    BANK2            96      0       0

Pointer List with Targets:

    None.

Critical Paths under _main in COMMON

    _main->_PWM1_Set_Duty
    _main->_readLDR

Critical Paths under _ISR in COMMON

    None.

Critical Paths under _main in BANK0

    _main->_PWM1_Set_Duty

Critical Paths under _ISR in BANK0

    None.

Critical Paths under _main in BANK1

    None.

Critical Paths under _ISR in BANK1

    None.

Critical Paths under _main in BANK3

    None.

Critical Paths under _ISR in BANK3

    None.

Critical Paths under _main in BANK2

    None.

Critical Paths under _ISR in BANK2

    None.

Call Graph Tables:

 ---------------------------------------------------------------------------------
 (Depth) Function   	        Calls       Base Space   Used Autos Params    Refs
 ---------------------------------------------------------------------------------
 (0) _main                                                 4     4      0    1148
                                              2 BANK0      4     4      0
                      _PWM1_Set_Duty
                         _initialize
                            _readLDR
 ---------------------------------------------------------------------------------
 (1) _readLDR                                              2     0      2       0
                                              4 COMMON     2     0      2
 ---------------------------------------------------------------------------------
 (1) _initialize                                           0     0      0       0
 ---------------------------------------------------------------------------------
 (1) _PWM1_Set_Duty                                        4     2      2    1083
                                              4 COMMON     2     0      2
                                              0 BANK0      2     2      0
 ---------------------------------------------------------------------------------
 Estimated maximum stack depth 1
 ---------------------------------------------------------------------------------
 (Depth) Function   	        Calls       Base Space   Used Autos Params    Refs
 ---------------------------------------------------------------------------------
 (2) _ISR                                                  4     4      0       0
                                              0 COMMON     4     4      0
 ---------------------------------------------------------------------------------
 Estimated maximum stack depth 2
 ---------------------------------------------------------------------------------

 Call Graph Graphs:

 _main (ROOT)
   _PWM1_Set_Duty
   _initialize
   _readLDR

 _ISR (ROOT)

 Address spaces:
Name               Size   Autos  Total    Cost      Usage
BANK3               60      0       0       9        0.0%
BITBANK3            60      0       0       8        0.0%
SFR3                 0      0       0       4        0.0%
BITSFR3              0      0       0       4        0.0%
BANK2               60      0       0      11        0.0%
BITBANK2            60      0       0      10        0.0%
SFR2                 0      0       0       5        0.0%
BITSFR2              0      0       0       5        0.0%
BANK1               50      0       0       7        0.0%
BITBANK1            50      0       0       6        0.0%
SFR1                 0      0       0       2        0.0%
BITSFR1              0      0       0       2        0.0%
BANK0               50      6      14       5       25.0%
BITBANK0            50      0       0       4        0.0%
SFR0                 0      0       0       1        0.0%
BITSFR0              0      0       0       1        0.0%
COMMON               E      6       A       1       71.4%
BITCOMMON            E      0       0       0        0.0%
CODE                 0      0       0       0        0.0%
DATA                 0      0      1E      12        0.0%
ABS                  0      0      1E       3        0.0%
NULL                 0      0       0       0        0.0%
STACK                0      0       0       2        0.0%
EEDATA             100      0       0       0        0.0%


Microchip Technology PIC Macro Assembler V2.45 build 20230818022343 
Symbol Table                                                                                   Mon Dec 04 22:05:15 2023

                    l110 0241                      l113 024B                      l107 025C  
                    l136 0191                      l145 01A4                      l158 0235  
                    l960 0259                      l952 024C                      l954 0250  
                    l962 0236                      l956 0251                      l964 023E  
                    l958 0257                      l966 0245                      _RB0 0030  
                    _RB1 0031                      _RC0 0038                      _RC1 0039  
                    _RB3 0033                      _RB5 0035                      _RB6 0036  
                    _RB7 0037                      _RD5 0045                      _RD6 0046  
                    _RD7 0047                      _PR2 0092                      u440 0245  
                    u441 0244                      _ISR 01C6                      u900 006B  
                    u901 006A                      u910 0080                      u911 007F  
                    u920 0084                      u921 0083                      u930 0088  
                    u931 0087                      u940 00A4                      u941 00A3  
                    u870 021E                      u950 00B7                      u871 021D  
                    u951 00B6                      u880 0225                      u960 00BB  
                    u881 0221                      u961 00BA                      u970 00BF  
                    u971 00BE                      u980 00DF                      u981 00DE  
                    u894 0228                      u990 00E7                      u991 00E6  
                    _fim 0028                     ?_ISR 0070                     l1202 0215  
                   l1210 003E                     l1204 021E                     l1300 00D1  
                   l1220 0047                     l1212 003F                     l1206 0229  
                   l1310 00E1                     l1302 00D5                     l1230 004E  
                   l1222 0048                     l1214 0040                     l1320 00F6  
                   l1312 00E7                     l1304 00D7                     l1240 0056  
                   l1232 004F                     l1224 004A                     l1216 0043  
                   l1208 0039                     l1330 0116                     l1322 00FC  
                   l1314 00E9                     l1306 00D9                     l1250 0067  
                   l1242 0059                     l1234 0050                     l1226 004C  
                   l1218 0046                     l1340 0136                     l1332 011E  
                   l1324 0102                     l1316 00EF                     l1308 00DF  
                   l1260 0084                     l1252 006B                     l1244 005A  
                   l1236 0051                     l1228 004D                     l1342 013F  
                   l1334 0124                     l1350 014C                     l1326 0103  
                   l1318 00F5                     l1270 0099                     l1262 0088  
                   l1254 0076                     l1246 005B                     l1238 0054  
                   l1360 0171                     l1352 015B                     l1408 01B7  
                   l1344 0143                     l1336 0126                     l1328 0109  
                   l1280 00A4                     l1272 009A                     l1264 008C  
                   l1256 007C                     l1248 005C                     l1370 018E  
                   l1362 017B                     l1354 0163                     l1346 0145  
                   l1338 012C                     l1290 00BF                     l1282 00A8  
                   l1274 009C                     l1266 008E                     l1258 0080  
                   l1372 0195                     l1364 0184                     l1356 0169  
                   l1348 0149                     l1292 00C3                     l1284 00B1  
                   l1276 009E                     l1268 0096                     l1390 01A8  
                   l1374 019B                     l1366 0188                     l1358 016B  
                   l1294 00C5                     l1286 00B7                     l1278 00A0  
                   l1392 01AE                     l1376 019D                     l1368 018A  
                   l1296 00CD                     l1288 00BB                     l1394 01B0  
                   l1298 00D0                     u1000 00EF                     _T0IF 005A  
                   u1001 00EE                     u1010 00F5                     u1011 00F4  
                   u1100 0163                     u1020 00FC                     u1101 0162  
                   u1021 00FB                     u1110 0169                     u1030 0102  
                   u1111 0168                     u1031 0101                     u1120 0171  
                   u1040 0109                     u1121 0170                     u1041 0108  
                   u1130 0195                     u1050 0116                     u1131 0194  
                   u1051 0115                     u1140 019B                     u1060 011E  
                   u1141 019A                     u1061 011D                     u1150 01A3  
                   u1070 0124                     u1207 01BD                     u1151 01A2  
                   u1071 0123                     u1055 0112                     u1160 01A8  
                   u1080 012C                     u1161 01A7                     u1081 012B  
                   u1170 01AE                     u1090 015B                     u1171 01AD  
                   u1091 015A                     u1180 01B6                     u1181 01B5  
                   u1095 0157                     u1197 0071                     _main 0039  
                   _meio 0026                     btemp 007E                     start 000C  
                  ??_ISR 0070                    ?_main 0070                    _CCP1X 00BD  
                  _CCP1Y 00BC             main@ldrValue 002E                    i1l122 020E  
                  i1l980 01D2                    i1l990 0206                    i1l982 01D8  
                  i1l992 0208                    i1l984 01EC                    i1l976 01C6  
                  i1l994 0209                    i1l986 01F6                    i1l978 01CC  
                  i1l996 020B                    i1l988 01FC                    i1l998 020D  
                  _TMR1H 000F                    _TMR1L 000E                    u50_20 01DF  
                  u50_21 01DD                    u51_20 01E0                    _PORTC 0007  
                  _PORTD 0008                    u52_20 01EC                    u52_21 01EB  
                  u53_20 01F3                    u53_21 01EF                    u54_24 01F6  
                  u55_20 01FC                    u55_21 01FB                    u56_20 0203  
                  u48_20 01CC                    u56_21 01FF                    u48_21 01CB  
                  u49_20 01D8                    u49_21 01D7                    _TRISA 0085  
                  u57_24 0206                    _TRISB 0086                    _TRISC 0087  
                  _TRISD 0088          __end_of_readLDR 024C                    pclath 000A  
                  status 0003                    wtemp0 007E          __initialization 000F  
           __end_of_main 01C6                   ??_main 002C                   _ADCON0 001F  
                 _ADCON1 009F                   _CCP1M2 00BA                   _CCP1M3 00BB  
                 _ADRESH 001E                   _ADRESL 009E                   _CCPR1L 0015  
                 _TMR1IF 0060                   _TMR2ON 0092                   _TRISC2 043A  
                 _aberta 0030            _manualControl 0020                   _inicio 0032  
              ??_readLDR 0076                   saved_w 007E  __end_of__initialization 0035  
         __pcstackCOMMON 0070    __end_of_PWM1_Set_Duty 0236             __pidataBANK0 025D  
         _OPTION_REGbits 0081               __pbssBANK0 0020               __pmaintext 0039  
             __pintentry 0004                  _T2CKPS0 0090                  _T2CKPS1 0091  
             _initialize 024C                  __ptext1 0236                  __ptext2 024C  
                __ptext3 0215                  __ptext4 01C6                  _closing 0022  
              _T1CONbits 0010                  _readLDR 0236                  _opening 0024  
   end_of_initialization 0035              ?_initialize 0070      start_initialization 000F  
            __end_of_ISR 0215              __pdataBANK0 0030              __pbssCOMMON 0076  
              ___latbits 0002            __pcstackBANK0 002A                 ?_readLDR 0074  
      interrupt_function 0004                 _PIE1bits 008C                 _PIR1bits 000C  
               _GO_nDONE 00FA            _PWM1_Set_Duty 0215           ?_PWM1_Set_Duty 0074  
           ??_initialize 0074                 _ledState 0076       __end_of_initialize 025D  
             _INTCONbits 000B                 intlevel1 0000             _timerCounter 0078  
        ??_PWM1_Set_Duty 002A          PWM1_Set_Duty@DC 0074  
